<?xml version="1.0" encoding="UTF-8"?>
<!-- Generated by org.testng.reporters.JUnitReportReporter -->
<testsuite hostname="CDACLAB-148" failures="0" tests="2" name="testngpack.NewTest" time="0.007" errors="0" timestamp="2024-11-14T19:14:38 IST" skipped="0">
  <testcase classname="testngpack.NewTest" name="second" time="0.001"/>
  <system-out/>
  <testcase classname="testngpack.NewTest" name="first" time="0.006"/>
  <system-out/>
</testsuite> <!-- testngpack.NewTest -->
