<?xml version="1.0" encoding="UTF-8"?>
<!-- Generated by org.testng.reporters.JUnitReportReporter -->
<testsuite hostname="CDACLAB-148" failures="0" tests="1" name="testngpack.Login" time="3.650" errors="0" timestamp="2024-11-15T17:59:41 IST" skipped="0">
  <testcase classname="testngpack.Login" name="f" time="3.650"/>
  <system-out/>
</testsuite> <!-- testngpack.Login -->
