<?xml version="1.0" encoding="UTF-8"?>
<!-- Generated by org.testng.reporters.JUnitReportReporter -->
<testsuite hostname="CDACLAB-148" failures="0" tests="1" name="testngpack.NewTest" time="0.081" errors="0" timestamp="2024-11-15T17:05:14 IST" skipped="0">
  <testcase classname="testngpack.NewTest" name="f" time="0.081"/>
  <system-out/>
</testsuite> <!-- testngpack.NewTest -->
