<?xml version="1.0" encoding="UTF-8"?>
<!-- Generated by org.testng.reporters.JUnitReportReporter -->
<testsuite hostname="CDACLAB-148" failures="0" tests="3" name="testngpack.MultipleTestCases" time="0.001" errors="0" timestamp="2024-11-15T17:05:14 IST" skipped="1">
  <testcase classname="testngpack.MultipleTestCases" name="login" time="0.000"/>
  <system-out/>
  <testcase classname="testngpack.MultipleTestCases" name="home" time="0.001"/>
  <system-out/>
  <testcase classname="testngpack.MultipleTestCases" name="logout" time="0.000">
    <skipped/>
  </testcase> <!-- logout -->
  <system-out/>
</testsuite> <!-- testngpack.MultipleTestCases -->
